[2025-06-23 13:09:09Z INFO HostContext] No proxy settings were found based on environmental variables (http_proxy/https_proxy/HTTP_PROXY/HTTPS_PROXY)
[2025-06-23 13:09:09Z INFO HostContext] Well known directory 'Bin': '/home/runner/runners/2.325.0/bin'
[2025-06-23 13:09:09Z INFO HostContext] Well known directory 'Root': '/home/runner/runners/2.325.0'
[2025-06-23 13:09:09Z INFO HostContext] Well known config file 'Credentials': '/home/runner/runners/2.325.0/.credentials'
[2025-06-23 13:09:09Z INFO HostContext] Well known directory 'Bin': '/home/runner/runners/2.325.0/bin'
[2025-06-23 13:09:09Z INFO HostContext] Well known directory 'Root': '/home/runner/runners/2.325.0'
[2025-06-23 13:09:09Z INFO HostContext] Well known config file 'Runner': '/home/runner/runners/2.325.0/.runner'
[2025-06-23 13:09:09Z INFO Listener] Runner is built for Linux (X64) - linux-x64.
[2025-06-23 13:09:10Z INFO Listener] RuntimeInformation: Ubuntu 24.04.2 LTS.
[2025-06-23 13:09:10Z INFO Listener] Version: 2.325.0
[2025-06-23 13:09:10Z INFO Listener] Commit: 71ed7cd46223bd5d61633445946813012b502d54
[2025-06-23 13:09:10Z INFO Listener] Culture: 
[2025-06-23 13:09:10Z INFO Listener] UI Culture: 
[2025-06-23 13:09:10Z INFO HostContext] Well known directory 'Bin': '/home/runner/runners/2.325.0/bin'
[2025-06-23 13:09:10Z INFO HostContext] Well known directory 'Root': '/home/runner/runners/2.325.0'
[2025-06-23 13:09:10Z INFO Listener] Validating directory permissions for: '/home/runner/runners/2.325.0'
[2025-06-23 13:09:10Z INFO CommandLineParser] Parse
[2025-06-23 13:09:10Z INFO CommandLineParser] Parsing 1 args
[2025-06-23 13:09:10Z INFO CommandLineParser] parsing argument
[2025-06-23 13:09:10Z INFO CommandLineParser] HasArgs: False
[2025-06-23 13:09:10Z INFO CommandLineParser] Adding Command: run
[2025-06-23 13:09:10Z INFO Listener] Arguments parsed
[2025-06-23 13:09:10Z INFO Runner] ExecuteCommand
[2025-06-23 13:09:10Z INFO ConfigurationStore] currentAssemblyLocation: /home/runner/runners/2.325.0/bin/Runner.Listener.dll
[2025-06-23 13:09:10Z INFO HostContext] Well known directory 'Bin': '/home/runner/runners/2.325.0/bin'
[2025-06-23 13:09:10Z INFO ConfigurationStore] binPath: /home/runner/runners/2.325.0/bin
[2025-06-23 13:09:10Z INFO HostContext] Well known directory 'Bin': '/home/runner/runners/2.325.0/bin'
[2025-06-23 13:09:10Z INFO HostContext] Well known directory 'Root': '/home/runner/runners/2.325.0'
[2025-06-23 13:09:10Z INFO ConfigurationStore] RootFolder: /home/runner/runners/2.325.0
[2025-06-23 13:09:10Z INFO HostContext] Well known directory 'Bin': '/home/runner/runners/2.325.0/bin'
[2025-06-23 13:09:10Z INFO HostContext] Well known directory 'Root': '/home/runner/runners/2.325.0'
[2025-06-23 13:09:10Z INFO HostContext] Well known config file 'Runner': '/home/runner/runners/2.325.0/.runner'
[2025-06-23 13:09:10Z INFO ConfigurationStore] ConfigFilePath: /home/runner/runners/2.325.0/.runner
[2025-06-23 13:09:10Z INFO HostContext] Well known directory 'Bin': '/home/runner/runners/2.325.0/bin'
[2025-06-23 13:09:10Z INFO HostContext] Well known directory 'Root': '/home/runner/runners/2.325.0'
[2025-06-23 13:09:10Z INFO HostContext] Well known config file 'MigratedRunner': '/home/runner/runners/2.325.0/.runner_migrated'
[2025-06-23 13:09:10Z INFO ConfigurationStore] MigratedConfigFilePath: /home/runner/runners/2.325.0/.runner_migrated
[2025-06-23 13:09:10Z INFO HostContext] Well known directory 'Bin': '/home/runner/runners/2.325.0/bin'
[2025-06-23 13:09:10Z INFO HostContext] Well known directory 'Root': '/home/runner/runners/2.325.0'
[2025-06-23 13:09:10Z INFO HostContext] Well known config file 'Credentials': '/home/runner/runners/2.325.0/.credentials'
[2025-06-23 13:09:10Z INFO ConfigurationStore] CredFilePath: /home/runner/runners/2.325.0/.credentials
[2025-06-23 13:09:10Z INFO HostContext] Well known directory 'Bin': '/home/runner/runners/2.325.0/bin'
[2025-06-23 13:09:10Z INFO HostContext] Well known directory 'Root': '/home/runner/runners/2.325.0'
[2025-06-23 13:09:10Z INFO HostContext] Well known config file 'MigratedCredentials': '/home/runner/runners/2.325.0/.credentials_migrated'
[2025-06-23 13:09:10Z INFO ConfigurationStore] MigratedCredFilePath: /home/runner/runners/2.325.0/.credentials_migrated
[2025-06-23 13:09:10Z INFO HostContext] Well known directory 'Bin': '/home/runner/runners/2.325.0/bin'
[2025-06-23 13:09:10Z INFO HostContext] Well known directory 'Root': '/home/runner/runners/2.325.0'
[2025-06-23 13:09:10Z INFO HostContext] Well known config file 'Service': '/home/runner/runners/2.325.0/.service'
[2025-06-23 13:09:10Z INFO ConfigurationStore] ServiceConfigFilePath: /home/runner/runners/2.325.0/.service
[2025-06-23 13:09:10Z INFO CommandSettings] Flag 'help': 'False'
[2025-06-23 13:09:10Z INFO CommandSettings] Flag 'version': 'False'
[2025-06-23 13:09:10Z INFO CommandSettings] Flag 'commit': 'False'
[2025-06-23 13:09:10Z INFO CommandSettings] Flag 'check': 'False'
[2025-06-23 13:09:10Z INFO CommandSettings] Command 'configure': 'False'
[2025-06-23 13:09:10Z INFO CommandSettings] Command 'remove': 'False'
[2025-06-23 13:09:10Z INFO CommandSettings] Command 'warmup': 'False'
[2025-06-23 13:09:10Z INFO ConfigurationManager] LoadSettings
[2025-06-23 13:09:10Z INFO ConfigurationStore] IsConfigured()
[2025-06-23 13:09:10Z INFO ConfigurationStore] IsConfigured: True
[2025-06-23 13:09:10Z INFO ConfigurationManager] Is configured: True
[2025-06-23 13:09:10Z INFO ConfigurationStore] Read setting file: 364 chars
[2025-06-23 13:09:10Z INFO ConfigurationManager] Settings Loaded
[2025-06-23 13:09:10Z INFO ConfigurationStore] IsServiceConfigured()
[2025-06-23 13:09:10Z INFO ConfigurationStore] IsServiceConfigured: False
[2025-06-23 13:09:10Z INFO CommandSettings] Command 'run': 'True'
[2025-06-23 13:09:10Z INFO ConfigurationStore] IsConfigured()
[2025-06-23 13:09:10Z INFO ConfigurationStore] IsConfigured: True
[2025-06-23 13:09:10Z INFO ConfigurationManager] Is configured: True
[2025-06-23 13:09:10Z INFO Runner] Could not parse the argument value '' for StartupType. Defaulting to Manual
[2025-06-23 13:09:10Z INFO Runner] Set runner startup type - Manual
[2025-06-23 13:09:10Z INFO CommandSettings] Flag 'once': 'False'
[2025-06-23 13:09:10Z INFO CommandSettings] Flag 'once': 'False'
[2025-06-23 13:09:10Z INFO Runner] RunAsync
[2025-06-23 13:09:10Z INFO ConfigurationManager] LoadMigratedSettings
[2025-06-23 13:09:10Z INFO ConfigurationStore] IsMigratedConfigured()
[2025-06-23 13:09:10Z INFO ConfigurationStore] IsMigratedConfigured: False
[2025-06-23 13:09:10Z INFO Runner] Failed to load migrated settings: No migrated configuration found.
[2025-06-23 13:09:10Z INFO Runner] Falling back to original .runner settings
[2025-06-23 13:09:10Z INFO Runner] Using BrokerMessageListener
[2025-06-23 13:09:10Z INFO BrokerMessageListener] Using provided settings
[2025-06-23 13:09:10Z INFO BrokerMessageListener] {
  "AgentId": 1000000717,
  "AgentName": "GitHub Actions 1000000717",
  "SkipSessionRecover": true,
  "ServerUrl": "",
  "WorkFolder": "/home/runner/work",
  "MonitorSocketAddress": "127.0.0.1:49100",
  "UseV2Flow": true,
  "ServerUrlV2": "https://broker.actions.githubusercontent.com"
}
[2025-06-23 13:09:10Z INFO BrokerMessageListener] Loading Credentials
[2025-06-23 13:09:10Z INFO ConfigurationStore] HasCredentials()
[2025-06-23 13:09:10Z INFO ConfigurationStore] stored True
[2025-06-23 13:09:10Z INFO CredentialManager] GetCredentialProvider
[2025-06-23 13:09:10Z INFO CredentialManager] Creating type OAuthAccessToken
[2025-06-23 13:09:10Z INFO CredentialManager] Creating credential type: OAuthAccessToken
[2025-06-23 13:09:10Z INFO OAuthAccessTokenCredential] GetVssCredentials
[2025-06-23 13:09:10Z INFO OAuthAccessTokenCredential] token retrieved: 1347 chars
[2025-06-23 13:09:10Z INFO OAuthAccessTokenCredential] cred created
[2025-06-23 13:09:10Z INFO BrokerMessageListener] Attempt to create session.
[2025-06-23 13:09:10Z INFO BrokerMessageListener] Connecting to the Broker Server...
[2025-06-23 13:09:10Z INFO ConfigurationStore] HasCredentials()
[2025-06-23 13:09:10Z INFO ConfigurationStore] stored True
[2025-06-23 13:09:10Z INFO CredentialManager] GetCredentialProvider
[2025-06-23 13:09:10Z INFO CredentialManager] Creating type OAuthAccessToken
[2025-06-23 13:09:10Z INFO CredentialManager] Creating credential type: OAuthAccessToken
[2025-06-23 13:09:10Z INFO OAuthAccessTokenCredential] GetVssCredentials
[2025-06-23 13:09:10Z INFO OAuthAccessTokenCredential] token retrieved: 1347 chars
[2025-06-23 13:09:10Z INFO OAuthAccessTokenCredential] cred created
[2025-06-23 13:09:10Z INFO BrokerMessageListener] VssConnection created
[2025-06-23 13:09:10Z INFO Terminal] WRITE LINE: 
[2025-06-23 13:09:10Z INFO Terminal] WRITE LINE: 
[2025-06-23 13:09:10Z INFO BrokerMessageListener] Session created.
[2025-06-23 13:09:10Z INFO Terminal] WRITE LINE: Current runner version: '2.325.0'
[2025-06-23 13:09:10Z INFO Terminal] WRITE LINE: 2025-06-23 13:09:10Z: Listening for Jobs
[2025-06-23 13:09:10Z ERR  JobNotification] Connection to monitor port 49100 failed!
[2025-06-23 13:09:10Z ERR  JobNotification] System.Net.Sockets.SocketException (111): Connection refused [::ffff:127.0.0.1]:49100
   at System.Net.Sockets.Socket.DoConnect(EndPoint endPointSnapshot, SocketAddress socketAddress)
   at System.Net.Sockets.Socket.Connect(EndPoint remoteEP)
   at GitHub.Runner.Common.JobNotification.ConnectMonitor(String monitorSocketAddress)
[2025-06-23 13:09:10Z INFO JobDispatcher] Set runner/worker IPC timeout to 30 seconds.
[2025-06-23 13:09:10Z INFO ConfigurationStore] HasCredentials()
[2025-06-23 13:09:10Z INFO ConfigurationStore] stored True
[2025-06-23 13:09:10Z INFO CredentialManager] GetCredentialProvider
[2025-06-23 13:09:10Z INFO CredentialManager] Creating type OAuthAccessToken
[2025-06-23 13:09:10Z INFO CredentialManager] Creating credential type: OAuthAccessToken
[2025-06-23 13:09:10Z INFO OAuthAccessTokenCredential] GetVssCredentials
[2025-06-23 13:09:10Z INFO OAuthAccessTokenCredential] token retrieved: 1347 chars
[2025-06-23 13:09:10Z INFO OAuthAccessTokenCredential] cred created
[2025-06-23 13:09:11Z INFO JobDispatcher] Job request 0 for plan 6ea96019-8259-46fb-af7c-a322354f7c85 job 9b61b7c3-a10b-5180-b142-9bc5a13dae1d received.
[2025-06-23 13:09:11Z INFO BrokerMessageListener] Received job status event. JobState: Busy
[2025-06-23 13:09:11Z INFO BrokerMessageListener] _getMessagesTokenSource is already disposed.
[2025-06-23 13:09:11Z INFO Terminal] WRITE LINE: 2025-06-23 13:09:11Z: Running job: deploy-pod
[2025-06-23 13:09:11Z INFO JobDispatcher] Start renew job request 0 for job 9b61b7c3-a10b-5180-b142-9bc5a13dae1d.
[2025-06-23 13:09:11Z INFO JobDispatcher] Successfully renew job 9b61b7c3-a10b-5180-b142-9bc5a13dae1d, job is valid till 06/23/2025 13:54:11
[2025-06-23 13:09:11Z INFO HostContext] Well known directory 'Bin': '/home/runner/runners/2.325.0/bin'
[2025-06-23 13:09:11Z INFO ProcessInvokerWrapper] Starting process:
[2025-06-23 13:09:11Z INFO ProcessInvokerWrapper]   File name: '/home/runner/runners/2.325.0/bin/Runner.Worker'
[2025-06-23 13:09:11Z INFO ProcessInvokerWrapper]   Arguments: 'spawnclient 149 152'
[2025-06-23 13:09:11Z INFO ProcessInvokerWrapper]   Working directory: '/home/runner/runners/2.325.0/bin'
[2025-06-23 13:09:11Z INFO ProcessInvokerWrapper]   Require exit code zero: 'False'
[2025-06-23 13:09:11Z INFO ProcessInvokerWrapper]   Encoding web name:  ; code page: ''
[2025-06-23 13:09:11Z INFO ProcessInvokerWrapper]   Force kill process on cancellation: 'True'
[2025-06-23 13:09:11Z INFO ProcessInvokerWrapper]   Redirected STDIN: 'False'
[2025-06-23 13:09:11Z INFO ProcessInvokerWrapper]   Persist current code page: 'False'
[2025-06-23 13:09:11Z INFO ProcessInvokerWrapper]   Keep redirected STDIN open: 'False'
[2025-06-23 13:09:11Z INFO ProcessInvokerWrapper]   High priority process: 'True'
[2025-06-23 13:09:11Z INFO ProcessInvokerWrapper] Process started with process id 1895, waiting for process exit.
[2025-06-23 13:09:11Z INFO JobDispatcher] Send job request message to worker for job 9b61b7c3-a10b-5180-b142-9bc5a13dae1d.
[2025-06-23 13:09:11Z INFO ProcessChannel] Sending message of length 18277, with hash '8c65f9485dac85d3b79c4e6cf58a627966f210c4bc79f98dd04bbd44a4ece60f'
[2025-06-23 13:09:11Z INFO JobNotification] Entering JobStarted Notification
[2025-06-23 13:09:11Z INFO JobNotification] Entering StartMonitor
